{"sequence":23,"update":[1,2,226,193,212,67,0,8,1,7,115,112,101,97,107,101,114,27,119,2,77,67,119,6,227,130,162,227,131,138,119,9,227,130,178,227,130,185,227,131,136,119,6,228,189,144,232,151,164,119,6,231,148,176,228,184,173,119,2,77,67,119,6,227,130,162,227,131,138,119,9,227,130,178,227,130,185,227,131,136,119,6,228,189,144,232,151,164,119,6,228,189,144,232,151,164,119,6,228,189,144,232,151,164,119,6,228,189,144,232,151,164,119,6,228,189,144,232,151,164,119,6,228,189,144,232,151,164,119,6,228,189,144,232,151,164,119,6,228,189,144,232,151,164,119,6,228,189,144,232,151,164,119,6,228,189,144,232,151,164,119,6,228,189,144,232,151,164,119,6,228,189,144,232,151,164,119,6,228,189,144,232,151,164,119,6,228,189,144,232,151,164,119,6,228,189,144,232,151,164,119,6,228,189,144,232,151,164,119,6,228,189,144,232,151,164,119,6,228,189,144,232,151,164,119,6,231,148,176,228,184,173,8,1,6,115,99,114,105,112,116,23,117,3,119,115,227,128,130,227,128,130,227,128,130,230,156,172,230,151,165,227,129,175,227,128,129,231,143,190,228,187,163,227,129,174,230,151,165,230,156,172,227,129,174,230,149,153,232,130,178,231,143,190,229,160,180,227,129,140,230,138,177,227,129,136,227,130,139,124,230,183,177,229,136,187,227,129,170,229,149,143,233,161,140,231,130,185,227,129,171,227,129,164,227,129,132,227,129,166,227,129,138,232,169,177,227,129,151,227,129,151,227,129,190,227,129,153,227,128,130,119,9,227,129,147,227,129,147,227,129,175,119,42,239,188,136,227,130,178,227,130,185,227,131,136,232,170,152,229,176,142,239,188,137,227,129,147,227,129,161,227,130,137,227,129,184,227,129,169,227,129,134,227,129,158,117,3,119,145,1,232,191,145,229,185,180,227,128,129,229,173,166,230,160,161,230,149,153,232,130,178,227,130,146,229,143,150,227,130,138,229,183,187,227,129,143,231,146,176,229,162,131,227,129,175,229,164,167,227,129,141,227,129,143,229,164,137,229,140,150,227,129,151,227,129,166,227,129,138,227,130,138,227,128,129,124,227,129,157,227,130,140,227,129,171,228,188,180,227,129,132,230,167,152,227,128,133,227,129,170,232,170,178,233,161,140,227,129,140,230,181,174,227,129,141,229,189,171,227,130,138,227,129,171,227,129,170,227,129,163,227,129,166,227,129,132,227,129,190,227,129,153,227,128,130,119,142,1,227,129,190,227,129,154,228,184,128,227,129,164,231,155,174,227,129,174,229,164,167,227,129,141,227,129,170,229,149,143,233,161,140,227,129,175,227,128,129,230,149,153,229,147,161,227,129,174,233,149,183,230,153,130,233,150,147,229,138,180,229,131,141,227,129,168,233,129,142,233,135,141,229,138,180,229,131,141,227,128,129,124,227,129,132,227,130,143,227,130,134,227,130,139,227,128,140,230,149,153,229,147,161,227,129,174,229,131,141,227,129,141,230,150,185,230,148,185,233,157,169,227,128,141,227,129,174,233,129,133,227,130,140,227,129,167,227,129,153,227,128,130,119,182,1,230,151,165,230,156,172,227,129,174,230,149,153,229,147,161,227,129,175,227,128,129,230,142,136,230,165,173,227,129,174,230,186,150,229,130,153,227,130,132,229,174,159,230,150,189,227,129,160,227,129,145,227,129,167,227,129,170,227,129,143,227,128,129,124,233,131,168,230,180,187,229,139,149,227,129,174,230,140,135,229,176,142,227,128,129,228,186,139,229,139,153,228,189,156,230,165,173,227,128,129,228,191,157,232,173,183,232,128,133,229,175,190,229,191,156,227,129,170,227,129,169,227,128,129,124,230,165,181,227,130,129,227,129,166,229,164,154,229,178,144,227,129,171,227,130,143,227,129,159,227,130,139,230,165,173,229,139,153,227,130,146,230,138,177,227,129,136,227,129,166,227,129,132,227,129,190,227,129,153,227,128,130,117,1,119,165,1,79,69,67,68,239,188,136,231,181,140,230,184,136,229,141,148,229,138,155,233,150,139,231,153,186,230,169,159,230,167,139,239,188,137,227,129,174,232,170,191,230,159,187,227,129,167,227,130,130,227,128,129,124,230,151,165,230,156,172,227,129,174,230,149,153,229,147,161,227,129,174,229,138,180,229,131,141,230,153,130,233,150,147,227,129,175,229,138,160,231,155,159,229,155,189,227,129,174,228,184,173,227,129,167,124,230,156,128,233,149,183,227,131,172,227,131,153,227,131,171,227,129,167,227,129,130,227,130,139,227,129,147,227,129,168,227,129,140,230,140,135,230,145,152,227,129,149,227,130,140,227,129,166,227,129,132,227,129,190,227,129,153,227,128,130,117,1,119,246,1,233,149,183,230,153,130,233,150,147,229,138,180,229,131,141,227,129,171,227,130,136,227,130,139,233,129,142,229,138,180,230,173,187,227,130,132,231,178,190,231,165,158,231,150,190,230,130,163,227,129,174,229,162,151,229,138,160,227,129,175,124,230,183,177,229,136,187,227,129,170,231,164,190,228,188,154,229,149,143,233,161,140,227,129,168,227,129,170,227,129,163,227,129,166,227,129,138,227,130,138,227,128,129,227,129,157,227,129,174,231,181,144,230,158,156,227,128,129,124,230,149,153,229,147,161,230,142,161,231,148,168,232,169,166,233,168,147,227,129,174,229,128,141,231,142,135,228,189,142,228,184,139,227,130,132,227,128,129,232,179,170,227,129,174,233,171,152,227,129,132,230,149,153,229,147,161,227,129,174,231,162,186,228,191,157,227,129,140,124,229,155,176,233,155,163,227,129,171,227,129,170,227,130,139,227,129,168,227,129,132,227,129,134,230,130,170,229,190,170,231,146,176,227,130,146,231,148,159,227,130,147,227,129,167,227,129,132,227,129,190,227,129,153,227,128,130,117,1,119,216,1,227,128,140,229,174,154,233,161,141,229,131,141,227,129,139,227,129,155,230,148,190,233,161,140,227,128,141,227,129,168,227,130,130,230,143,182,230,143,132,227,129,149,227,130,140,227,130,139,124,231,181,166,231,137,185,230,179,149,239,188,136,231,181,166,228,184,142,231,137,185,229,136,165,230,142,170,231,189,174,230,179,149,239,188,137,227,129,174,232,166,139,231,155,180,227,129,151,232,173,176,232,171,150,227,130,130,124,233,128,178,227,130,147,227,129,167,227,129,132,227,129,190,227,129,153,227,129,140,227,128,129,231,143,190,229,160,180,227,129,174,229,174,159,230,132,159,227,129,168,227,129,151,227,129,166,227,129,174,230,148,185,229,150,132,227,129,171,227,129,175,124,227,129,190,227,129,160,232,135,179,227,129,163,227,129,166,227,129,132,227,129,170,227,129,132,227,129,174,227,129,140,231,143,190,231,138,182,227,129,167,227,129,153,227,128,130,117,1,119,69,228,186,140,227,129,164,231,155,174,227,129,174,229,149,143,233,161,140,227,129,175,227,128,129,228,184,141,231,153,187,230,160,161,229,133,144,231,171,165,227,131,187,231,148,159,229,190,146,230,149,176,227,129,174,229,162,151,229,138,160,227,129,167,227,129,153,227,128,130,117,1,119,173,1,230,150,135,233,131,168,231,167,145,229,173,166,231,156,129,227,129,174,232,170,191,230,159,187,227,129,171,227,130,136,227,130,139,227,129,168,227,128,129,229,176,143,227,131,187,228,184,173,229,173,166,230,160,161,227,129,171,227,129,138,227,129,145,227,130,139,124,228,184,141,231,153,187,230,160,161,227,129,174,229,133,144,231,171,165,231,148,159,229,190,146,230,149,176,227,129,175,229,185,180,227,128,133,229,162,151,229,138,160,229,130,190,229,144,145,227,129,171,227,129,130,227,130,138,227,128,129,124,233,129,142,229,142,187,230,156,128,229,164,154,227,130,146,230,155,180,230,150,176,227,129,151,231,182,154,227,129,145,227,129,166,227,129,132,227,129,190,227,129,153,227,128,130,117,1,119,146,2,227,129,157,227,129,174,232,131,140,230,153,175,227,129,171,227,129,175,227,128,129,227,129,132,227,129,152,227,130,129,227,130,132,229,143,139,228,186,186,233,150,162,228,191,130,227,129,174,227,131,136,227,131,169,227,131,150,227,131,171,227,129,160,227,129,145,227,129,167,227,129,170,227,129,143,227,128,129,232,181,183,231,171,139,230,128,167,232,170,191,231,175,128,233,154,156,229,174,179,227,129,170,227,129,169,227,129,174,232,186,171,228,189,147,231,154,132,232,166,129,229,155,160,227,128,129,229,174,182,229,186,173,231,146,176,229,162,131,227,129,174,229,164,137,229,140,150,227,128,129,227,129,157,227,129,151,227,129,166,231,148,187,228,184,128,231,154,132,227,129,170,229,173,166,230,160,161,227,130,183,227,130,185,227,131,134,227,131,160,227,129,171,124,227,129,170,227,129,152,227,130,129,227,129,170,227,129,132,229,173,144,228,190,155,227,129,159,227,129,161,227,129,174,229,173,152,229,156,168,227,129,170,227,129,169,227,128,129,232,164,135,229,144,136,231,154,132,227,129,170,232,166,129,229,155,160,227,129,140,227,129,130,227,130,138,227,129,190,227,129,153,227,128,130,117,1,119,239,1,227,128,140,229,173,166,230,160,161,227,129,171,232,161,140,227,129,143,227,129,174,227,129,140,229,189,147,227,129,159,227,130,138,229,137,141,227,128,141,227,129,168,227,129,132,227,129,134,229,190,147,230,157,165,227,129,174,124,228,190,161,229,128,164,232,166,179,227,129,160,227,129,145,227,129,167,227,129,170,227,129,143,227,128,129,227,131,149,227,131,170,227,131,188,227,130,185,227,130,175,227,131,188,227,131,171,227,130,132,227,130,170,227,131,179,227,131,169,227,130,164,227,131,179,229,173,166,231,191,146,227,129,170,227,129,169,227,128,129,124,229,164,154,230,167,152,227,129,170,229,173,166,227,129,179,227,129,174,229,160,180,227,130,146,227,129,169,227,129,174,227,130,136,227,129,134,227,129,171,228,191,157,233,154,156,227,129,151,227,128,129,233,128,163,230,144,186,227,129,151,227,129,166,227,129,132,227,129,143,227,129,139,227,129,140,229,149,143,227,130,143,227,130,140,227,129,166,227,129,132,227,129,190,227,129,153,227,128,130,117,1,119,194,1,227,129,190,227,129,159,227,128,129,227,131,164,227,131,179,227,130,176,227,130,177,227,130,162,227,131,169,227,131,188,227,130,132,232,178,167,229,155,176,229,174,182,229,186,173,227,129,170,227,129,169,227,128,129,124,229,174,182,229,186,173,231,146,176,229,162,131,227,129,171,229,155,176,233,155,163,227,130,146,230,138,177,227,129,136,227,130,139,229,173,144,228,190,155,227,129,159,227,129,161,227,129,184,227,129,174,230,148,175,230,143,180,227,130,130,227,128,129,124,229,173,166,230,160,161,231,143,190,229,160,180,227,129,160,227,129,145,227,129,167,227,129,175,229,175,190,229,191,156,227,129,151,227,129,141,227,130,140,227,129,170,227,129,132,232,170,178,233,161,140,227,129,168,227,129,170,227,129,163,227,129,166,227,129,132,227,129,190,227,129,153,227,128,130,117,1,119,82,228,184,137,227,129,164,231,155,174,227,129,174,229,149,143,233,161,140,227,129,175,227,128,129,71,73,71,65,227,130,185,227,130,175,227,131,188,227,131,171,230,167,139,230,131,179,227,129,171,227,130,136,227,130,139,73,67,84,230,149,153,232,130,178,227,129,174,232,170,178,233,161,140,227,129,167,227,129,153,227,128,130,117,1,119,110,227,128,140,229,133,144,231,171,165,231,148,159,229,190,146,49,228,186,186,49,229,143,176,231,171,175,230,156,171,227,128,141,227,129,174,230,149,180,229,130,153,227,129,140,233,128,178,227,129,191,227,128,129,230,149,153,232,130,178,227,129,174,227,131,135,227,130,184,227,130,191,227,131,171,229,140,150,227,129,175,230,128,165,233,128,159,227,129,171,233,128,178,229,177,149,227,129,151,227,129,190,227,129,151,227,129,159,227,128,130,117,1,119,135,1,227,129,151,227,129,139,227,129,151,227,128,129,227,131,143,227,131,188,227,131,137,233,157,162,227,129,174,230,149,180,229,130,153,227,129,171,229,175,190,227,129,151,227,129,166,227,128,129,227,130,189,227,131,149,227,131,136,233,157,162,227,130,132,230,140,135,229,176,142,228,189,147,229,136,182,227,129,174,230,149,180,229,130,153,227,129,140,232,191,189,227,129,132,227,129,164,227,129,132,227,129,166,227,129,132,227,129,170,227,129,132,231,143,190,231,138,182,227,129,140,227,129,130,227,130,138,227,129,190,227,129,153,227,128,130,117,1,119,138,1,230,149,153,229,147,161,227,129,174,73,67,84,227,130,185,227,130,173,227,131,171,227,129,171,227,129,175,229,128,139,228,186,186,229,183,174,227,129,140,227,129,130,227,130,138,227,128,129,229,156,176,229,159,159,227,130,132,229,173,166,230,160,161,227,129,171,227,130,136,227,129,163,227,129,166,230,180,187,231,148,168,227,129,174,229,186,166,229,144,136,227,129,132,227,129,171,229,164,167,227,129,141,227,129,170,230,160,188,229,183,174,227,129,140,231,148,159,227,129,190,227,130,140,227,129,166,227,129,132,227,129,190,227,129,153,227,128,130,117,1,119,245,1,227,129,190,227,129,159,227,128,129,227,131,135,227,130,184,227,130,191,227,131,171,230,149,153,231,167,145,230,155,184,227,129,174,229,176,142,229,133,165,227,130,132,65,73,227,131,137,227,131,170,227,131,171,227,129,170,227,129,169,227,129,174,230,180,187,231,148,168,227,129,140,233,128,178,227,130,128,228,184,128,230,150,185,227,129,167,227,128,129,227,128,140,230,155,184,227,129,143,227,129,147,227,129,168,227,128,141,227,130,132,227,128,140,229,175,190,233,157,162,227,129,167,227,129,174,229,175,190,232,169,177,227,128,141,227,129,168,227,129,132,227,129,163,227,129,159,229,190,147,230,157,165,227,129,174,227,130,162,227,131,138,227,131,173,227,130,176,227,129,170,229,173,166,227,129,179,227,129,174,228,190,161,229,128,164,227,130,146,227,129,169,227,129,134,228,189,141,231,189,174,227,129,165,227,129,145,227,130,139,227,129,139,227,129,168,227,129,132,227,129,134,232,173,176,232,171,150,227,130,130,229,191,133,232,166,129,227,129,167,227,129,153,227,128,130,117,1,119,147,1,227,129,149,227,130,137,227,129,171,227,128,129,227,131,141,227,131,131,227,131,136,227,129,132,227,129,152,227,130,129,227,130,132,230,131,133,229,160,177,227,131,162,227,131,169,227,131,171,227,129,174,229,149,143,233,161,140,227,129,170,227,129,169,227,128,129,227,131,135,227,130,184,227,130,191,227,131,171,231,164,190,228,188,154,231,137,185,230,156,137,227,129,174,230,150,176,227,129,159,227,129,170,232,170,178,233,161,140,227,129,184,227,129,174,229,175,190,229,191,156,227,130,130,232,191,171,227,130,137,227,130,140,227,129,166,227,129,132,227,129,190,227,129,153,227,128,130,117,1,119,75,230,156,128,229,190,140,227,129,171,227,128,129,227,130,164,227,131,179,227,130,175,227,131,171,227,131,188,227,130,183,227,131,150,230,149,153,232,130,178,227,129,174,230,142,168,233,128,178,227,129,171,227,129,138,227,129,145,227,130,139,232,170,178,233,161,140,227,129,167,227,129,153,227,128,130,117,1,119,237,1,233,154,156,229,174,179,227,129,174,227,129,130,227,130,139,229,173,144,228,190,155,227,129,168,227,129,170,227,129,132,229,173,144,228,190,155,227,129,140,229,133,177,227,129,171,229,173,166,227,129,182,227,130,164,227,131,179,227,130,175,227,131,171,227,131,188,227,130,183,227,131,150,230,149,153,232,130,178,227,129,174,231,144,134,229,191,181,227,129,175,230,181,184,233,128,143,227,129,151,227,129,164,227,129,164,227,129,130,227,130,138,227,129,190,227,129,153,227,129,140,227,128,129,231,143,190,229,160,180,227,129,167,227,129,175,233,128,154,229,184,184,229,173,166,231,180,154,227,129,171,227,129,138,227,129,145,227,130,139,231,153,186,233,129,148,233,154,156,229,174,179,227,129,174,229,173,144,228,190,155,227,129,184,227,129,174,227,130,181,227,131,157,227,131,188,227,131,136,228,189,147,229,136,182,227,129,140,229,141,129,229,136,134,227,129,167,227,129,175,227,129,130,227,130,138,227,129,190,227,129,155,227,130,147,227,128,130,117,1,119,171,1,231,137,185,229,136,165,230,148,175,230,143,180,229,173,166,231,180,154,227,129,171,229,156,168,231,177,141,227,129,153,227,130,139,229,133,144,231,171,165,231,148,159,229,190,146,230,149,176,227,129,140,229,162,151,229,138,160,227,129,153,227,130,139,228,184,173,227,129,167,227,128,129,229,176,130,233,150,128,230,128,167,227,130,146,230,140,129,227,129,163,227,129,159,230,149,153,229,147,161,227,129,174,228,184,141,232,182,179,227,130,132,227,128,129,230,149,153,229,174,164,231,146,176,229,162,131,227,129,174,230,149,180,229,130,153,228,184,141,232,182,179,227,129,140,230,140,135,230,145,152,227,129,149,227,130,140,227,129,166,227,129,132,227,129,190,227,129,153,227,128,130,117,1,119,138,1,229,128,139,227,128,133,227,129,174,227,131,139,227,131,188,227,130,186,227,129,171,229,191,156,227,129,152,227,129,159,227,129,141,227,130,129,231,180,176,227,130,132,227,129,139,227,129,170,230,140,135,229,176,142,227,130,146,232,161,140,227,129,134,227,129,159,227,130,129,227,129,171,227,129,175,227,128,129,228,186,186,231,154,132,233,133,141,231,189,174,227,129,174,230,139,161,229,133,133,227,130,132,228,186,136,231,174,151,227,129,174,231,162,186,228,191,157,227,129,140,228,184,141,229,143,175,230,172,160,227,129,167,227,129,153,227,128,130,117,1,119,165,1,227,129,147,227,129,174,227,130,136,227,129,134,227,129,171,227,128,129,231,143,190,229,156,168,227,129,174,230,149,153,232,130,178,231,143,190,229,160,180,227,129,175,227,128,129,229,131,141,227,129,141,230,150,185,227,128,129,228,184,141,231,153,187,230,160,161,227,128,129,73,67,84,227,128,129,227,130,164,227,131,179,227,130,175,227,131,171,227,131,188,227,130,183,227,131,150,230,149,153,232,130,178,227,129,168,227,129,132,227,129,163,227,129,159,229,164,154,229,178,144,227,129,171,227,130,143,227,129,159,227,130,139,232,170,178,233,161,140,227,129,171,231,155,180,233,157,162,227,129,151,227,129,166,227,129,132,227,129,190,227,129,153,227,128,130,117,1,119,165,1,227,129,147,227,130,140,227,130,137,227,129,174,229,149,143,233,161,140,227,129,175,227,128,129,229,173,166,230,160,161,227,129,160,227,129,145,227,129,167,232,167,163,230,177,186,227,129,167,227,129,141,227,130,139,227,130,130,227,129,174,227,129,167,227,129,175,227,129,170,227,129,143,227,128,129,229,156,176,229,159,159,227,128,129,229,174,182,229,186,173,227,128,129,227,129,157,227,129,151,227,129,166,232,161,140,230,148,191,227,129,140,228,184,128,228,189,147,227,129,168,227,129,170,227,129,163,227,129,166,229,143,150,227,130,138,231,181,132,227,130,128,229,191,133,232,166,129,227,129,140,227,129,130,227,130,138,227,129,190,227,129,153,227,128,130,117,1,119,174,1,229,173,144,228,190,155,227,129,159,227,129,161,227,129,174,230,156,170,230,157,165,227,130,146,229,174,136,227,130,139,227,129,159,227,130,129,227,129,171,227,128,129,231,167,129,227,129,159,227,129,161,231,164,190,228,188,154,229,133,168,228,189,147,227,129,167,230,149,153,232,130,178,227,129,174,227,129,130,227,130,138,230,150,185,227,130,146,229,134,141,232,128,131,227,129,151,227,128,129,229,133,183,228,189,147,231,154,132,227,129,170,232,161,140,229,139,149,227,130,146,232,181,183,227,129,147,227,129,151,227,129,166,227,129,132,227,129,143,227,129,147,227,129,168,227,129,140,230,177,130,227,130,129,227,130,137,227,130,140,227,129,166,227,129,132,227,129,190,227,129,153,227,128,130,0]}
{"sequence":1,"update":[1,1,191,187,180,179,1,0,40,1,0,16,99,117,114,114,101,110,116,95,112,111,115,105,116,105,111,110,1,125,0,0]}
{"sequence":2,"update":[1,1,191,187,180,179,1,1,168,191,187,180,179,1,0,1,125,65,1,191,187,180,179,1,1,0,1]}
{"sequence":3,"update":[1,1,185,206,131,165,1,0,168,191,187,180,179,1,1,1,125,65,1,191,187,180,179,1,1,1,1]}
{"sequence":4,"update":[1,1,191,187,180,179,1,2,168,185,206,131,165,1,0,1,125,0,1,185,206,131,165,1,1,0,1]}
{"sequence":5,"update":[1,1,185,206,131,165,1,1,168,191,187,180,179,1,2,1,125,0,1,191,187,180,179,1,1,2,1]}
{"sequence":6,"update":[1,1,191,187,180,179,1,3,168,185,206,131,165,1,1,1,125,2,1,185,206,131,165,1,1,1,1]}
{"sequence":7,"update":[1,1,185,206,131,165,1,2,168,191,187,180,179,1,3,1,125,2,1,191,187,180,179,1,1,3,1]}
{"sequence":8,"update":[1,1,191,187,180,179,1,4,168,185,206,131,165,1,2,1,125,65,1,185,206,131,165,1,1,2,1]}
{"sequence":9,"update":[1,1,185,206,131,165,1,3,168,191,187,180,179,1,4,1,125,65,1,191,187,180,179,1,1,4,1]}
{"sequence":10,"update":[1,1,191,187,180,179,1,5,168,185,206,131,165,1,3,1,125,0,1,185,206,131,165,1,1,3,1]}
{"sequence":11,"update":[1,1,185,206,131,165,1,4,168,191,187,180,179,1,5,1,125,0,1,191,187,180,179,1,1,5,1]}
{"sequence":12,"update":[1,1,191,187,180,179,1,6,168,185,206,131,165,1,4,1,125,1,1,185,206,131,165,1,1,4,1]}
{"sequence":13,"update":[1,1,191,187,180,179,1,7,168,191,187,180,179,1,6,1,125,2,1,191,187,180,179,1,1,6,1]}
{"sequence":14,"update":[1,1,185,206,131,165,1,5,168,191,187,180,179,1,6,1,125,1,1,191,187,180,179,1,1,6,1]}
{"sequence":15,"update":[1,1,185,206,131,165,1,6,168,191,187,180,179,1,7,1,125,2,1,191,187,180,179,1,1,7,1]}
{"sequence":16,"update":[1,1,191,187,180,179,1,8,168,185,206,131,165,1,6,1,125,3,1,185,206,131,165,1,1,6,1]}
{"sequence":17,"update":[1,1,185,206,131,165,1,7,168,191,187,180,179,1,8,1,125,3,1,191,187,180,179,1,1,8,1]}
{"sequence":18,"update":[1,1,191,187,180,179,1,9,168,185,206,131,165,1,7,1,125,4,1,185,206,131,165,1,1,7,1]}
{"sequence":19,"update":[1,1,185,206,131,165,1,8,168,191,187,180,179,1,9,1,125,4,1,191,187,180,179,1,1,9,1]}
{"sequence":20,"update":[1,1,191,187,180,179,1,10,168,185,206,131,165,1,8,1,125,3,1,185,206,131,165,1,1,8,1]}
{"sequence":21,"update":[1,1,191,187,180,179,1,11,168,191,187,180,179,1,10,1,125,2,1,191,187,180,179,1,1,10,1]}
{"sequence":22,"update":[1,1,185,206,131,165,1,9,168,191,187,180,179,1,10,1,125,3,1,191,187,180,179,1,1,10,1]}
{"sequence":23,"update":[1,1,191,187,180,179,1,12,168,191,187,180,179,1,11,1,125,1,1,191,187,180,179,1,1,11,1]}
{"sequence":24,"update":[1,1,191,187,180,179,1,13,168,191,187,180,179,1,12,1,125,0,1,191,187,180,179,1,1,12,1]}
{"sequence":25,"update":[1,1,191,187,180,179,1,14,168,191,187,180,179,1,13,1,125,1,1,191,187,180,179,1,1,13,1]}
{"sequence":26,"update":[1,1,191,187,180,179,1,15,168,191,187,180,179,1,14,1,125,2,1,191,187,180,179,1,1,14,1]}
{"sequence":27,"update":[1,1,191,187,180,179,1,16,168,191,187,180,179,1,15,1,125,3,1,191,187,180,179,1,1,15,1]}
{"sequence":28,"update":[1,1,185,206,131,165,1,10,168,191,187,180,179,1,11,1,125,2,1,191,187,180,179,1,1,11,1]}
{"sequence":29,"update":[1,1,185,206,131,165,1,11,168,191,187,180,179,1,13,1,125,1,1,191,187,180,179,1,1,13,1]}
{"sequence":30,"update":[1,1,185,206,131,165,1,12,168,185,206,131,165,1,11,1,125,0,1,185,206,131,165,1,1,11,1]}
{"sequence":31,"update":[1,1,191,187,180,179,1,17,168,191,187,180,179,1,16,1,125,4,1,191,187,180,179,1,1,16,1]}
{"sequence":32,"update":[1,1,185,206,131,165,1,13,168,191,187,180,179,1,14,1,125,1,1,191,187,180,179,1,1,14,1]}
{"sequence":33,"update":[1,1,185,206,131,165,1,14,168,191,187,180,179,1,15,1,125,2,1,191,187,180,179,1,1,15,1]}
{"sequence":34,"update":[1,1,185,206,131,165,1,15,168,191,187,180,179,1,16,1,125,3,1,191,187,180,179,1,1,16,1]}
{"sequence":35,"update":[1,1,185,206,131,165,1,16,168,191,187,180,179,1,17,1,125,4,1,191,187,180,179,1,1,17,1]}
{"sequence":36,"update":[1,1,191,187,180,179,1,18,168,185,206,131,165,1,16,1,125,3,1,185,206,131,165,1,1,16,1]}
{"sequence":37,"update":[1,1,191,187,180,179,1,19,168,191,187,180,179,1,18,1,125,2,1,191,187,180,179,1,1,18,1]}
{"sequence":38,"update":[1,1,191,187,180,179,1,20,168,191,187,180,179,1,19,1,125,1,1,191,187,180,179,1,1,19,1]}
{"sequence":39,"update":[1,1,191,187,180,179,1,21,168,191,187,180,179,1,20,1,125,2,1,191,187,180,179,1,1,20,1]}
{"sequence":40,"update":[1,1,191,187,180,179,1,22,168,191,187,180,179,1,21,1,125,3,1,191,187,180,179,1,1,21,1]}
{"sequence":41,"update":[1,1,191,187,180,179,1,23,168,191,187,180,179,1,22,1,125,4,1,191,187,180,179,1,1,22,1]}
{"sequence":42,"update":[1,1,185,206,131,165,1,17,168,191,187,180,179,1,18,1,125,3,1,191,187,180,179,1,1,18,1]}
{"sequence":43,"update":[1,1,185,206,131,165,1,18,168,191,187,180,179,1,19,1,125,2,1,191,187,180,179,1,1,19,1]}
{"sequence":44,"update":[1,1,191,187,180,179,1,24,168,191,187,180,179,1,23,1,125,5,1,191,187,180,179,1,1,23,1]}
{"sequence":45,"update":[1,1,191,187,180,179,1,25,168,191,187,180,179,1,24,1,125,6,1,191,187,180,179,1,1,24,1]}
{"sequence":46,"update":[1,1,185,206,131,165,1,19,168,191,187,180,179,1,20,1,125,1,1,191,187,180,179,1,1,20,1]}
{"sequence":47,"update":[1,1,191,187,180,179,1,26,168,191,187,180,179,1,25,1,125,7,1,191,187,180,179,1,1,25,1]}
{"sequence":48,"update":[1,1,191,187,180,179,1,27,168,191,187,180,179,1,26,1,125,8,1,191,187,180,179,1,1,26,1]}
{"sequence":49,"update":[1,1,191,187,180,179,1,28,168,191,187,180,179,1,27,1,125,9,1,191,187,180,179,1,1,27,1]}
{"sequence":50,"update":[1,1,191,187,180,179,1,29,168,191,187,180,179,1,28,1,125,10,1,191,187,180,179,1,1,28,1]}
{"sequence":51,"update":[1,1,185,206,131,165,1,20,168,191,187,180,179,1,21,1,125,2,1,191,187,180,179,1,1,21,1]}
{"sequence":52,"update":[1,1,191,187,180,179,1,30,168,191,187,180,179,1,29,1,125,11,1,191,187,180,179,1,1,29,1]}
{"sequence":53,"update":[1,1,191,187,180,179,1,31,168,191,187,180,179,1,30,1,125,12,1,191,187,180,179,1,1,30,1]}
{"sequence":54,"update":[1,1,185,206,131,165,1,21,168,191,187,180,179,1,22,1,125,3,1,191,187,180,179,1,1,22,1]}
{"sequence":55,"update":[1,1,185,206,131,165,1,22,168,191,187,180,179,1,23,1,125,4,1,191,187,180,179,1,1,23,1]}
{"sequence":56,"update":[1,1,185,206,131,165,1,23,168,191,187,180,179,1,24,1,125,5,1,191,187,180,179,1,1,24,1]}
{"sequence":57,"update":[1,1,185,206,131,165,1,24,168,191,187,180,179,1,25,1,125,6,1,191,187,180,179,1,1,25,1]}
{"sequence":58,"update":[1,1,185,206,131,165,1,25,168,191,187,180,179,1,26,1,125,7,1,191,187,180,179,1,1,26,1]}
{"sequence":59,"update":[1,1,185,206,131,165,1,26,168,191,187,180,179,1,27,1,125,8,1,191,187,180,179,1,1,27,1]}
{"sequence":60,"update":[1,1,185,206,131,165,1,27,168,191,187,180,179,1,29,1,125,9,1,191,187,180,179,1,1,29,1]}
{"sequence":61,"update":[1,1,185,206,131,165,1,29,168,191,187,180,179,1,31,1,125,11,1,191,187,180,179,1,1,31,1]}
{"sequence":61,"update":[1,1,185,206,131,165,1,28,168,185,206,131,165,1,27,1,125,10,1,185,206,131,165,1,1,27,1]}
{"sequence":63,"update":[1,1,185,206,131,165,1,30,168,185,206,131,165,1,29,1,125,12,1,185,206,131,165,1,1,29,1]}
{"sequence":64,"update":[1,1,191,187,180,179,1,32,168,185,206,131,165,1,30,1,125,11,1,185,206,131,165,1,1,30,1]}
{"sequence":65,"update":[1,1,191,187,180,179,1,33,168,191,187,180,179,1,32,1,125,12,1,191,187,180,179,1,1,32,1]}
{"sequence":66,"update":[1,1,185,206,131,165,1,31,168,191,187,180,179,1,33,1,125,11,1,191,187,180,179,1,1,33,1]}
{"sequence":67,"update":[1,1,185,206,131,165,1,32,168,185,206,131,165,1,31,1,125,12,1,185,206,131,165,1,1,31,1]}
{"sequence":68,"update":[1,1,191,187,180,179,1,34,168,185,206,131,165,1,32,1,125,11,1,185,206,131,165,1,1,32,1]}
{"sequence":69,"update":[1,1,191,187,180,179,1,35,168,191,187,180,179,1,34,1,125,12,1,191,187,180,179,1,1,34,1]}
{"sequence":70,"update":[1,1,185,206,131,165,1,33,168,191,187,180,179,1,34,1,125,11,1,191,187,180,179,1,1,34,1]}
{"sequence":71,"update":[1,1,185,206,131,165,1,34,168,191,187,180,179,1,35,1,125,12,1,191,187,180,179,1,1,35,1]}
{"sequence":72,"update":[1,1,191,187,180,179,1,36,168,185,206,131,165,1,34,1,125,13,1,185,206,131,165,1,1,34,1]}
{"sequence":73,"update":[1,1,191,187,180,179,1,37,168,191,187,180,179,1,36,1,125,14,1,191,187,180,179,1,1,36,1]}
{"sequence":74,"update":[1,1,185,206,131,165,1,35,168,191,187,180,179,1,36,1,125,13,1,191,187,180,179,1,1,36,1]}
{"sequence":75,"update":[1,1,185,206,131,165,1,36,168,191,187,180,179,1,37,1,125,14,1,191,187,180,179,1,1,37,1]}
{"sequence":76,"update":[1,1,191,187,180,179,1,38,168,185,206,131,165,1,36,1,125,15,1,185,206,131,165,1,1,36,1]}
{"sequence":77,"update":[1,1,185,206,131,165,1,37,168,191,187,180,179,1,38,1,125,15,1,191,187,180,179,1,1,38,1]}
{"sequence":78,"update":[1,1,191,187,180,179,1,39,168,191,187,180,179,1,38,1,125,16,1,191,187,180,179,1,1,38,1]}
{"sequence":79,"update":[1,1,185,206,131,165,1,38,168,191,187,180,179,1,39,1,125,16,1,191,187,180,179,1,1,39,1]}
{"sequence":80,"update":[1,1,191,187,180,179,1,40,168,185,206,131,165,1,38,1,125,17,1,185,206,131,165,1,1,38,1]}
{"sequence":81,"update":[1,1,191,187,180,179,1,41,168,191,187,180,179,1,40,1,125,18,1,191,187,180,179,1,1,40,1]}
{"sequence":82,"update":[1,1,191,187,180,179,1,42,168,191,187,180,179,1,41,1,125,19,1,191,187,180,179,1,1,41,1]}
{"sequence":83,"update":[1,1,191,187,180,179,1,43,168,191,187,180,179,1,42,1,125,20,1,191,187,180,179,1,1,42,1]}
{"sequence":84,"update":[1,1,185,206,131,165,1,39,168,191,187,180,179,1,40,1,125,17,1,191,187,180,179,1,1,40,1]}
{"sequence":85,"update":[1,1,185,206,131,165,1,40,168,191,187,180,179,1,41,1,125,18,1,191,187,180,179,1,1,41,1]}
{"sequence":86,"update":[1,1,185,206,131,165,1,41,168,191,187,180,179,1,42,1,125,19,1,191,187,180,179,1,1,42,1]}
{"sequence":87,"update":[1,1,185,206,131,165,1,42,168,191,187,180,179,1,43,1,125,20,1,191,187,180,179,1,1,43,1]}
{"sequence":88,"update":[1,1,191,187,180,179,1,44,168,185,206,131,165,1,42,1,125,19,1,185,206,131,165,1,1,42,1]}
{"sequence":89,"update":[1,1,191,187,180,179,1,45,168,191,187,180,179,1,44,1,125,18,1,191,187,180,179,1,1,44,1]}
{"sequence":90,"update":[1,1,191,187,180,179,1,46,168,191,187,180,179,1,45,1,125,17,1,191,187,180,179,1,1,45,1]}
{"sequence":91,"update":[1,1,191,187,180,179,1,47,168,191,187,180,179,1,46,1,125,16,1,191,187,180,179,1,1,46,1]}
{"sequence":92,"update":[1,1,185,206,131,165,1,43,168,191,187,180,179,1,44,1,125,19,1,191,187,180,179,1,1,44,1]}
{"sequence":93,"update":[1,1,185,206,131,165,1,44,168,191,187,180,179,1,45,1,125,18,1,191,187,180,179,1,1,45,1]}
{"sequence":94,"update":[1,1,185,206,131,165,1,45,168,191,187,180,179,1,46,1,125,17,1,191,187,180,179,1,1,46,1]}
{"sequence":95,"update":[1,1,185,206,131,165,1,46,168,191,187,180,179,1,47,1,125,16,1,191,187,180,179,1,1,47,1]}
{"sequence":96,"update":[1,1,191,187,180,179,1,48,168,185,206,131,165,1,46,1,125,0,1,185,206,131,165,1,1,46,1]}
{"sequence":97,"update":[1,1,185,206,131,165,1,47,168,191,187,180,179,1,48,1,125,0,1,191,187,180,179,1,1,48,1]}
